C:\РАБОТА\GCOMP\DEBUG\GCOMP.BSC
C:\Работа\GCOMP\DEBUG\COMMONFUNCTIONS.SBR
C:\Работа\GCOMP\DEBUG\GCOMP.SBR
C:\Работа\GCOMP\DEBUG\TASKHELP.SBR
C:\Работа\GCOMP\DEBUG\TASKHELP.OBJ
C:\Работа\GCOMP\DEBUG\GCOMP.OBJ
C:\Работа\GCOMP\DEBUG\COMMONFUNCTIONS.OBJ
C:\РАБОТА\GCOMP\DEBUG\GCOMP.OBJ
C:\РАБОТА\GCOMP\DEBUG\
C:\РАБОТА\GCOMP\DEBUG\TASKHELP.OBJ
C:\Работа\GCOMP\DEBUG\TASK.SBR
C:\Работа\GCOMP\DEBUG\TASK.OBJ
C:\РАБОТА\GCOMP\DEBUG\VC110.PDB
C:\Работа\GComp\Debug\CommonFunctions.obj
C:\Работа\GComp\Debug\gcomp.obj
C:\Работа\GComp\Debug\Task.obj
C:\Работа\GComp\Debug\TaskHelp.obj
C:\Работа\GComp\Debug\GCompDLL.ilk
C:\Работа\GComp\Debug\BscMake.command.1.tlog
C:\Работа\GComp\Debug\bscmake.read.1.tlog
C:\Работа\GComp\Debug\bscmake.write.1.tlog
C:\Работа\GComp\Debug\cl.command.1.tlog
C:\Работа\GComp\Debug\CL.read.1.tlog
C:\Работа\GComp\Debug\CL.write.1.tlog
C:\Работа\GComp\Debug\link-cvtres.read.1.tlog
C:\Работа\GComp\Debug\link-cvtres.write.1.tlog
C:\Работа\GComp\Debug\link-mt.read.1.tlog
C:\Работа\GComp\Debug\link-mt.write.1.tlog
C:\Работа\GComp\Debug\link-rc.read.1.tlog
C:\Работа\GComp\Debug\link-rc.write.1.tlog
C:\Работа\GComp\Debug\link.3080.read.1.tlog
C:\Работа\GComp\Debug\link.3080.write.1.tlog
C:\Работа\GComp\Debug\link.6984.read.1.tlog
C:\Работа\GComp\Debug\link.6984.write.1.tlog
C:\Работа\GComp\Debug\link.command.1.tlog
C:\Работа\GComp\Debug\link.read.1.tlog
C:\Работа\GComp\Debug\link.write.1.tlog
C:\Работа\GComp\Debug\vc110.idb
C:\Работа\GComp\Debug\gcomp.pdb
C:\Работа\GComp\Debug\GCompDLL.pdb
C:\Работа\GComp\Debug\vc110.pdb
C:\Работа\GComp\Debug\gcomp.bsc
C:\Работа\GComp\Debug\CommonFunctions.sbr
C:\Работа\GComp\Debug\gcomp.sbr
C:\Работа\GComp\Debug\Task.sbr
C:\Работа\GComp\Debug\TaskHelp.sbr
