c:\работа\gcomp\release\gcomp.bsc
c:\работа\gcomp\release\commonfunctions.sbr
c:\работа\gcomp\release\gcomp.sbr
c:\работа\gcomp\release\task.sbr
c:\работа\gcomp\release\taskhelp.sbr
c:\работа\gcomp\release\taskhelp.obj
c:\работа\gcomp\release\task.obj
c:\работа\gcomp\release\gcomp.obj
c:\работа\gcomp\release\commonfunctions.obj
c:\работа\gcomp\release\vc110.pdb
c:\работа\gcomp\release\gcomp.exe
c:\работа\gcomp\release\bscmake.command.1.tlog
c:\работа\gcomp\release\bscmake.read.1.tlog
c:\работа\gcomp\release\bscmake.write.1.tlog
c:\работа\gcomp\release\cl.command.1.tlog
c:\работа\gcomp\release\cl.read.1.tlog
c:\работа\gcomp\release\cl.write.1.tlog
c:\работа\gcomp\release\link-cvtres.read.1.tlog
c:\работа\gcomp\release\link-cvtres.write.1.tlog
c:\работа\gcomp\release\link-mt.read.1.tlog
c:\работа\gcomp\release\link-mt.write.1.tlog
c:\работа\gcomp\release\link-rc.read.1.tlog
c:\работа\gcomp\release\link-rc.write.1.tlog
c:\работа\gcomp\release\link.command.1.tlog
c:\работа\gcomp\release\link.read.1.tlog
c:\работа\gcomp\release\link.write.1.tlog
c:\работа\gcomp\.\release\gcomp.exe
